actionid: py3
msg: envreport
cmdargs: ['/Users/benjaminbarault/Desktop/CSGamesAI/csgames_2017_ai/.tox/py3/bin/pip', 'freeze']
env: {'LESS': '-R', 'VERSIONER_PYTHON_PREFER_32_BIT': 'no', 'LC_CTYPE': 'en_CA.UTF-8', 'TERM_PROGRAM_VERSION': '388', 'LOGNAME': 'benjaminbarault', 'USER': 'benjaminbarault', 'HOME': '/Users/benjaminbarault', 'PATH': '/Users/benjaminbarault/Desktop/CSGamesAI/csgames_2017_ai/.tox/py3/bin:/usr/local/bin:/usr/bin:/bin:/usr/sbin:/sbin', 'ZSH': '/Users/benjaminbarault/.oh-my-zsh', 'DISPLAY': '/private/tmp/com.apple.launchd.w98LCIumEp/org.macosforge.xquartz:0', 'TERM_PROGRAM': 'Apple_Terminal', 'LANG': 'en_CA.UTF-8', 'TERM': 'xterm-256color', 'Apple_PubSub_Socket_Render': '/private/tmp/com.apple.launchd.ZUMvPONZQ4/Render', 'VERSIONER_PYTHON_VERSION': '2.7', 'SHLVL': '1', 'XPC_FLAGS': '0x0', 'PYTHONHASHSEED': '492230231', 'TMPDIR': '/var/folders/1r/2jks9t7n6qq1b6_jrtxgthqc0000gn/T/', 'TERM_SESSION_ID': '9C2A91F0-1F0A-4640-8A23-63D089F53FDB', 'XPC_SERVICE_NAME': '0', 'SSH_AUTH_SOCK': '/private/tmp/com.apple.launchd.EDafChw228/Listeners', 'VIRTUAL_ENV': '/Users/benjaminbarault/Desktop/CSGamesAI/csgames_2017_ai/.tox/py3', 'SHELL': '/bin/zsh', '_': '/usr/local/bin/tox', 'LSCOLORS': 'Gxfxcxdxbxegedabagacad', 'OLDPWD': '/Users/benjaminbarault/Desktop/CSGamesAI', '__CF_USER_TEXT_ENCODING': '0x1F5:0x0:0x52', 'PWD': '/Users/benjaminbarault/Desktop/CSGamesAI/csgames_2017_ai', 'PAGER': 'less'}

ai-pen==0.0.0
appdirs==1.4.3
attrs==16.3.0
Automat==0.5.0
constantly==15.1.0
flake8==2.5.5
hacking==0.13.0
incremental==16.10.1
mccabe==0.2.1
nose==1.3.7
olefile==0.44
packaging==16.8
pbr==2.0.0
pep8==1.5.7
Pillow==4.0.0
pyflakes==0.8.1
pyparsing==2.2.0
six==1.10.0
Twisted==17.1.0
zope.interface==4.3.3
