actionid: py3
msg: getenv
cmdargs: ['/Users/benjaminbarault/Desktop/CSGamesAI/csgames_2017_ai/.tox/py3/bin/pip', 'install', '-r/Users/benjaminbarault/Desktop/CSGamesAI/csgames_2017_ai/test-requirements.txt', '-r/Users/benjaminbarault/Desktop/CSGamesAI/csgames_2017_ai/requirements.txt']
env: {'LESS': '-R', 'VERSIONER_PYTHON_PREFER_32_BIT': 'no', 'LC_CTYPE': 'en_CA.UTF-8', 'TERM_PROGRAM_VERSION': '388', 'LOGNAME': 'benjaminbarault', 'USER': 'benjaminbarault', 'HOME': '/Users/benjaminbarault', 'PATH': '/Users/benjaminbarault/Desktop/CSGamesAI/csgames_2017_ai/.tox/py3/bin:/usr/local/bin:/usr/bin:/bin:/usr/sbin:/sbin', 'ZSH': '/Users/benjaminbarault/.oh-my-zsh', 'DISPLAY': '/private/tmp/com.apple.launchd.w98LCIumEp/org.macosforge.xquartz:0', 'TERM_PROGRAM': 'Apple_Terminal', 'LANG': 'en_CA.UTF-8', 'TERM': 'xterm-256color', 'Apple_PubSub_Socket_Render': '/private/tmp/com.apple.launchd.ZUMvPONZQ4/Render', 'VERSIONER_PYTHON_VERSION': '2.7', 'SHLVL': '1', 'XPC_FLAGS': '0x0', 'PYTHONHASHSEED': '492230231', 'TMPDIR': '/var/folders/1r/2jks9t7n6qq1b6_jrtxgthqc0000gn/T/', 'TERM_SESSION_ID': '9C2A91F0-1F0A-4640-8A23-63D089F53FDB', 'XPC_SERVICE_NAME': '0', 'SSH_AUTH_SOCK': '/private/tmp/com.apple.launchd.EDafChw228/Listeners', 'VIRTUAL_ENV': '/Users/benjaminbarault/Desktop/CSGamesAI/csgames_2017_ai/.tox/py3', 'SHELL': '/bin/zsh', '_': '/usr/local/bin/tox', 'LSCOLORS': 'Gxfxcxdxbxegedabagacad', 'OLDPWD': '/Users/benjaminbarault/Desktop/CSGamesAI', '__CF_USER_TEXT_ENCODING': '0x1F5:0x0:0x52', 'PWD': '/Users/benjaminbarault/Desktop/CSGamesAI/csgames_2017_ai', 'PAGER': 'less'}

Collecting nose (from -r /Users/benjaminbarault/Desktop/CSGamesAI/csgames_2017_ai/test-requirements.txt (line 1))
  Downloading nose-1.3.7-py3-none-any.whl (154kB)
Collecting hacking (from -r /Users/benjaminbarault/Desktop/CSGamesAI/csgames_2017_ai/test-requirements.txt (line 2))
  Downloading hacking-0.13.0-py2.py3-none-any.whl
Collecting pillow (from -r /Users/benjaminbarault/Desktop/CSGamesAI/csgames_2017_ai/requirements.txt (line 1))
  Downloading Pillow-4.0.0-cp35-cp35m-macosx_10_6_intel.macosx_10_9_intel.macosx_10_9_x86_64.macosx_10_10_intel.macosx_10_10_x86_64.whl (3.4MB)
Collecting twisted (from -r /Users/benjaminbarault/Desktop/CSGamesAI/csgames_2017_ai/requirements.txt (line 2))
  Downloading Twisted-17.1.0.tar.bz2 (3.0MB)
Requirement already satisfied: six in ./.tox/py3/lib/python3.5/site-packages (from -r /Users/benjaminbarault/Desktop/CSGamesAI/csgames_2017_ai/requirements.txt (line 3))
Collecting pep8==1.5.7 (from hacking->-r /Users/benjaminbarault/Desktop/CSGamesAI/csgames_2017_ai/test-requirements.txt (line 2))
  Downloading pep8-1.5.7-py2.py3-none-any.whl
Collecting flake8<2.6.0,>=2.5.4 (from hacking->-r /Users/benjaminbarault/Desktop/CSGamesAI/csgames_2017_ai/test-requirements.txt (line 2))
  Downloading flake8-2.5.5-py2.py3-none-any.whl
Collecting pbr>=1.6 (from hacking->-r /Users/benjaminbarault/Desktop/CSGamesAI/csgames_2017_ai/test-requirements.txt (line 2))
  Downloading pbr-2.0.0-py2.py3-none-any.whl (98kB)
Collecting pyflakes==0.8.1 (from hacking->-r /Users/benjaminbarault/Desktop/CSGamesAI/csgames_2017_ai/test-requirements.txt (line 2))
  Downloading pyflakes-0.8.1-py2.py3-none-any.whl
Collecting mccabe==0.2.1 (from hacking->-r /Users/benjaminbarault/Desktop/CSGamesAI/csgames_2017_ai/test-requirements.txt (line 2))
  Downloading mccabe-0.2.1.tar.gz
Collecting olefile (from pillow->-r /Users/benjaminbarault/Desktop/CSGamesAI/csgames_2017_ai/requirements.txt (line 1))
  Downloading olefile-0.44.zip (74kB)
Collecting zope.interface>=4.0.2 (from twisted->-r /Users/benjaminbarault/Desktop/CSGamesAI/csgames_2017_ai/requirements.txt (line 2))
  Downloading zope.interface-4.3.3-cp35-cp35m-macosx_10_11_x86_64.whl (135kB)
Collecting constantly>=15.1 (from twisted->-r /Users/benjaminbarault/Desktop/CSGamesAI/csgames_2017_ai/requirements.txt (line 2))
  Downloading constantly-15.1.0-py2.py3-none-any.whl
Collecting incremental>=16.10.1 (from twisted->-r /Users/benjaminbarault/Desktop/CSGamesAI/csgames_2017_ai/requirements.txt (line 2))
  Downloading incremental-16.10.1-py2.py3-none-any.whl
Collecting Automat>=0.3.0 (from twisted->-r /Users/benjaminbarault/Desktop/CSGamesAI/csgames_2017_ai/requirements.txt (line 2))
  Downloading Automat-0.5.0-py2.py3-none-any.whl
Requirement already satisfied: setuptools in ./.tox/py3/lib/python3.5/site-packages (from zope.interface>=4.0.2->twisted->-r /Users/benjaminbarault/Desktop/CSGamesAI/csgames_2017_ai/requirements.txt (line 2))
Collecting attrs (from Automat>=0.3.0->twisted->-r /Users/benjaminbarault/Desktop/CSGamesAI/csgames_2017_ai/requirements.txt (line 2))
  Downloading attrs-16.3.0-py2.py3-none-any.whl
Requirement already satisfied: packaging>=16.8 in ./.tox/py3/lib/python3.5/site-packages (from setuptools->zope.interface>=4.0.2->twisted->-r /Users/benjaminbarault/Desktop/CSGamesAI/csgames_2017_ai/requirements.txt (line 2))
Requirement already satisfied: appdirs>=1.4.0 in ./.tox/py3/lib/python3.5/site-packages (from setuptools->zope.interface>=4.0.2->twisted->-r /Users/benjaminbarault/Desktop/CSGamesAI/csgames_2017_ai/requirements.txt (line 2))
Requirement already satisfied: pyparsing in ./.tox/py3/lib/python3.5/site-packages (from packaging>=16.8->setuptools->zope.interface>=4.0.2->twisted->-r /Users/benjaminbarault/Desktop/CSGamesAI/csgames_2017_ai/requirements.txt (line 2))
Building wheels for collected packages: twisted, mccabe, olefile
  Running setup.py bdist_wheel for twisted: started
  Running setup.py bdist_wheel for twisted: finished with status 'done'
  Stored in directory: /Users/benjaminbarault/Library/Caches/pip/wheels/65/e3/44/cd3da92c03926aabc80e658e11d6e64619abce3ef44c1c34df
  Running setup.py bdist_wheel for mccabe: started
  Running setup.py bdist_wheel for mccabe: finished with status 'done'
  Stored in directory: /Users/benjaminbarault/Library/Caches/pip/wheels/9d/d5/0e/f0c284385c804a432dc3dd6470a0ffee123bba391de1df29dd
  Running setup.py bdist_wheel for olefile: started
  Running setup.py bdist_wheel for olefile: finished with status 'done'
  Stored in directory: /Users/benjaminbarault/Library/Caches/pip/wheels/20/58/49/cc7bd00345397059149a10b0259ef38b867935ea2ecff99a9b
Successfully built twisted mccabe olefile
Installing collected packages: nose, pep8, mccabe, pyflakes, flake8, pbr, hacking, olefile, pillow, zope.interface, constantly, incremental, attrs, Automat, twisted
Successfully installed Automat-0.5.0 attrs-16.3.0 constantly-15.1.0 flake8-2.5.5 hacking-0.13.0 incremental-16.10.1 mccabe-0.2.1 nose-1.3.7 olefile-0.44 pbr-2.0.0 pep8-1.5.7 pillow-4.0.0 pyflakes-0.8.1 twisted-17.1.0 zope.interface-4.3.3
